<?xml version="1.0" encoding="UTF-8"?>
<!-- Generated by org.testng.reporters.JUnitXMLReporter -->
<testsuite hostname="user-PC" ignored="0" name="Default test" tests="8" failures="0" timestamp="2020-07-15T23:35:46 IST" time="20.605" errors="0">
  <testcase name="getTitle" time="0.026" classname="emicalculator.Test.TestClass"/>
  <testcase name="selectLoanType" time="3.405" classname="emicalculator.Test.TestClass"/>
  <testcase name="selectamount" time="4.808" classname="emicalculator.Test.TestClass"/>
  <testcase name="selectInterestRate" time="4.299" classname="emicalculator.Test.TestClass"/>
  <testcase name="selectTenure" time="4.319" classname="emicalculator.Test.TestClass"/>
  <testcase name="expand" time="3.091" classname="emicalculator.Test.TestClass"/>
  <testcase name="screenshot" time="0.143" classname="emicalculator.Test.TestClass"/>
  <testcase name="writeDataInExcel" time="0.329" classname="emicalculator.Test.TestClass"/>
</testsuite> <!-- Default test -->
