<?xml version="1.0" encoding="UTF-8"?>
<!-- Generated by org.testng.reporters.JUnitXMLReporter -->
<testsuite hostname="user-PC" ignored="0" name="Default test" tests="8" failures="0" timestamp="2020-07-19T13:07:25 IST" time="27.763" errors="0">
  <testcase name="getTitle" time="0.804" classname="emicalculator.Test.TestClass"/>
  <testcase name="selectLoanType" time="3.469" classname="emicalculator.Test.TestClass"/>
  <testcase name="selectamount" time="9.159" classname="emicalculator.Test.TestClass"/>
  <testcase name="selectInterestRate" time="3.687" classname="emicalculator.Test.TestClass"/>
  <testcase name="selectTenure" time="3.376" classname="emicalculator.Test.TestClass"/>
  <testcase name="expand" time="3.119" classname="emicalculator.Test.TestClass"/>
  <testcase name="screenshot" time="0.506" classname="emicalculator.Test.TestClass"/>
  <testcase name="writeDataInExcel" time="0.96" classname="emicalculator.Test.TestClass"/>
</testsuite> <!-- Default test -->
