<?xml version="1.0" encoding="UTF-8"?>
<!-- Generated by org.testng.reporters.JUnitXMLReporter -->
<testsuite hostname="user-PC" ignored="0" name="Test" tests="8" failures="0" timestamp="2020-07-15T23:10:14 IST" time="28.926" errors="0">
  <testcase name="getTitle" time="0.018" classname="emicalculator.Test.TestClass"/>
  <testcase name="selectLoanType" time="3.336" classname="emicalculator.Test.TestClass"/>
  <testcase name="selectamount" time="6.142" classname="emicalculator.Test.TestClass"/>
  <testcase name="selectInterestRate" time="4.409" classname="emicalculator.Test.TestClass"/>
  <testcase name="selectTenure" time="4.369" classname="emicalculator.Test.TestClass"/>
  <testcase name="expand" time="3.131" classname="emicalculator.Test.TestClass"/>
  <testcase name="screenshot" time="0.58" classname="emicalculator.Test.TestClass"/>
  <testcase name="writeDataInExcel" time="0.629" classname="emicalculator.Test.TestClass"/>
</testsuite> <!-- Test -->
