<?xml version="1.0" encoding="UTF-8"?>
<testng-results skipped="0" failed="1" ignored="0" total="20" passed="19">
  <reporter-output>
  </reporter-output>
  <suite name="Emi Calculator Test Automation Test Suite" duration-ms="26203" started-at="2020-08-12T20:29:06 IST" finished-at="2020-08-12T20:29:32 IST">
    <groups>
      <group name="regression">
        <method signature="TestClass.expand()[pri:5, instance:emicalculator.Test.TestClass@89ff02e]" name="expand" class="emicalculator.Test.TestClass"/>
        <method signature="TestClass.getTitle()[pri:0, instance:emicalculator.Test.TestClass@89ff02e]" name="getTitle" class="emicalculator.Test.TestClass"/>
        <method signature="TestClass.screenshot()[pri:6, instance:emicalculator.Test.TestClass@89ff02e]" name="screenshot" class="emicalculator.Test.TestClass"/>
        <method signature="TestClass.selectInterestRate()[pri:3, instance:emicalculator.Test.TestClass@89ff02e]" name="selectInterestRate" class="emicalculator.Test.TestClass"/>
        <method signature="TestClass.selectLoanType()[pri:1, instance:emicalculator.Test.TestClass@89ff02e]" name="selectLoanType" class="emicalculator.Test.TestClass"/>
        <method signature="TestClass.selectTenure()[pri:4, instance:emicalculator.Test.TestClass@89ff02e]" name="selectTenure" class="emicalculator.Test.TestClass"/>
        <method signature="TestClass.selectamount()[pri:2, instance:emicalculator.Test.TestClass@89ff02e]" name="selectamount" class="emicalculator.Test.TestClass"/>
        <method signature="TestClass.writeDataInExcel()[pri:7, instance:emicalculator.Test.TestClass@89ff02e]" name="writeDataInExcel" class="emicalculator.Test.TestClass"/>
      </group> <!-- regression -->
    </groups>
    <test name="Test" duration-ms="26203" started-at="2020-08-12T20:29:06 IST" finished-at="2020-08-12T20:29:32 IST">
      <class name="emicalculator.Test.TestClass">
        <test-method status="PASS" signature="setup()[pri:0, instance:emicalculator.Test.TestClass@89ff02e]" name="setup" is-config="true" duration-ms="5420" started-at="2020-08-12T20:29:06 IST" finished-at="2020-08-12T20:29:12 IST">
          <reporter-output>
          </reporter-output>
        </test-method> <!-- setup -->
        <test-method status="PASS" signature="getTitle()[pri:0, instance:emicalculator.Test.TestClass@89ff02e]" name="getTitle" duration-ms="99" started-at="2020-08-12T20:29:12 IST" description="Verifying title of the webpage page" finished-at="2020-08-12T20:29:12 IST">
          <reporter-output>
          </reporter-output>
        </test-method> <!-- getTitle -->
        <test-method status="PASS" signature="flush(org.testng.ITestResult)[pri:0, instance:emicalculator.Test.TestClass@89ff02e]" name="flush" is-config="true" duration-ms="56" started-at="2020-08-12T20:29:12 IST" finished-at="2020-08-12T20:29:12 IST">
          <params>
            <param index="0">
              <value>
                <![CDATA[[TestResult name=getTitle status=SUCCESS method=TestClass.getTitle()[pri:0, instance:emicalculator.Test.TestClass@89ff02e] output={null}]]]>
              </value>
            </param>
          </params>
          <reporter-output>
          </reporter-output>
        </test-method> <!-- flush -->
        <test-method status="PASS" signature="selectLoanType()[pri:1, instance:emicalculator.Test.TestClass@89ff02e]" name="selectLoanType" duration-ms="3231" started-at="2020-08-12T20:29:12 IST" description="Select the type of loan" finished-at="2020-08-12T20:29:15 IST">
          <reporter-output>
          </reporter-output>
        </test-method> <!-- selectLoanType -->
        <test-method status="PASS" signature="flush(org.testng.ITestResult)[pri:0, instance:emicalculator.Test.TestClass@89ff02e]" name="flush" is-config="true" duration-ms="43" started-at="2020-08-12T20:29:15 IST" finished-at="2020-08-12T20:29:15 IST">
          <params>
            <param index="0">
              <value>
                <![CDATA[[TestResult name=selectLoanType status=SUCCESS method=TestClass.selectLoanType()[pri:1, instance:emicalculator.Test.TestClass@89ff02e] output={null}]]]>
              </value>
            </param>
          </params>
          <reporter-output>
          </reporter-output>
        </test-method> <!-- flush -->
        <test-method status="PASS" signature="selectamount()[pri:2, instance:emicalculator.Test.TestClass@89ff02e]" name="selectamount" duration-ms="5351" started-at="2020-08-12T20:29:15 IST" description="Enter the car loan amount" finished-at="2020-08-12T20:29:20 IST">
          <reporter-output>
          </reporter-output>
        </test-method> <!-- selectamount -->
        <test-method status="PASS" signature="flush(org.testng.ITestResult)[pri:0, instance:emicalculator.Test.TestClass@89ff02e]" name="flush" is-config="true" duration-ms="60" started-at="2020-08-12T20:29:20 IST" finished-at="2020-08-12T20:29:20 IST">
          <params>
            <param index="0">
              <value>
                <![CDATA[[TestResult name=selectamount status=SUCCESS method=TestClass.selectamount()[pri:2, instance:emicalculator.Test.TestClass@89ff02e] output={null}]]]>
              </value>
            </param>
          </params>
          <reporter-output>
          </reporter-output>
        </test-method> <!-- flush -->
        <test-method status="PASS" signature="selectInterestRate()[pri:3, instance:emicalculator.Test.TestClass@89ff02e]" name="selectInterestRate" duration-ms="3440" started-at="2020-08-12T20:29:20 IST" description="Enter the rate of interest" finished-at="2020-08-12T20:29:24 IST">
          <reporter-output>
          </reporter-output>
        </test-method> <!-- selectInterestRate -->
        <test-method status="PASS" signature="flush(org.testng.ITestResult)[pri:0, instance:emicalculator.Test.TestClass@89ff02e]" name="flush" is-config="true" duration-ms="43" started-at="2020-08-12T20:29:24 IST" finished-at="2020-08-12T20:29:24 IST">
          <params>
            <param index="0">
              <value>
                <![CDATA[[TestResult name=selectInterestRate status=SUCCESS method=TestClass.selectInterestRate()[pri:3, instance:emicalculator.Test.TestClass@89ff02e] output={null}]]]>
              </value>
            </param>
          </params>
          <reporter-output>
          </reporter-output>
        </test-method> <!-- flush -->
        <test-method status="PASS" signature="selectTenure()[pri:4, instance:emicalculator.Test.TestClass@89ff02e]" name="selectTenure" duration-ms="3394" started-at="2020-08-12T20:29:24 IST" description="Enter the time period" finished-at="2020-08-12T20:29:27 IST">
          <reporter-output>
          </reporter-output>
        </test-method> <!-- selectTenure -->
        <test-method status="PASS" signature="flush(org.testng.ITestResult)[pri:0, instance:emicalculator.Test.TestClass@89ff02e]" name="flush" is-config="true" duration-ms="31" started-at="2020-08-12T20:29:27 IST" finished-at="2020-08-12T20:29:27 IST">
          <params>
            <param index="0">
              <value>
                <![CDATA[[TestResult name=selectTenure status=SUCCESS method=TestClass.selectTenure()[pri:4, instance:emicalculator.Test.TestClass@89ff02e] output={null}]]]>
              </value>
            </param>
          </params>
          <reporter-output>
          </reporter-output>
        </test-method> <!-- flush -->
        <test-method status="PASS" signature="expand()[pri:5, instance:emicalculator.Test.TestClass@89ff02e]" name="expand" duration-ms="3131" started-at="2020-08-12T20:29:27 IST" description="Click on the expand button" finished-at="2020-08-12T20:29:31 IST">
          <reporter-output>
          </reporter-output>
        </test-method> <!-- expand -->
        <test-method status="PASS" signature="flush(org.testng.ITestResult)[pri:0, instance:emicalculator.Test.TestClass@89ff02e]" name="flush" is-config="true" duration-ms="46" started-at="2020-08-12T20:29:31 IST" finished-at="2020-08-12T20:29:31 IST">
          <params>
            <param index="0">
              <value>
                <![CDATA[[TestResult name=expand status=SUCCESS method=TestClass.expand()[pri:5, instance:emicalculator.Test.TestClass@89ff02e] output={null}]]]>
              </value>
            </param>
          </params>
          <reporter-output>
          </reporter-output>
        </test-method> <!-- flush -->
        <test-method status="PASS" signature="screenshot()[pri:6, instance:emicalculator.Test.TestClass@89ff02e]" name="screenshot" duration-ms="377" started-at="2020-08-12T20:29:31 IST" description="To take the screenshot" finished-at="2020-08-12T20:29:31 IST">
          <reporter-output>
          </reporter-output>
        </test-method> <!-- screenshot -->
        <test-method status="PASS" signature="flush(org.testng.ITestResult)[pri:0, instance:emicalculator.Test.TestClass@89ff02e]" name="flush" is-config="true" duration-ms="32" started-at="2020-08-12T20:29:31 IST" finished-at="2020-08-12T20:29:31 IST">
          <params>
            <param index="0">
              <value>
                <![CDATA[[TestResult name=screenshot status=SUCCESS method=TestClass.screenshot()[pri:6, instance:emicalculator.Test.TestClass@89ff02e] output={null}]]]>
              </value>
            </param>
          </params>
          <reporter-output>
          </reporter-output>
        </test-method> <!-- flush -->
        <test-method status="PASS" signature="writeDataInExcel()[pri:7, instance:emicalculator.Test.TestClass@89ff02e]" name="writeDataInExcel" duration-ms="444" started-at="2020-08-12T20:29:31 IST" description="To write the final values in excel sheet" finished-at="2020-08-12T20:29:31 IST">
          <reporter-output>
          </reporter-output>
        </test-method> <!-- writeDataInExcel -->
        <test-method status="PASS" signature="flush(org.testng.ITestResult)[pri:0, instance:emicalculator.Test.TestClass@89ff02e]" name="flush" is-config="true" duration-ms="47" started-at="2020-08-12T20:29:31 IST" finished-at="2020-08-12T20:29:32 IST">
          <params>
            <param index="0">
              <value>
                <![CDATA[[TestResult name=writeDataInExcel status=SUCCESS method=TestClass.writeDataInExcel()[pri:7, instance:emicalculator.Test.TestClass@89ff02e] output={null}]]]>
              </value>
            </param>
          </params>
          <reporter-output>
          </reporter-output>
        </test-method> <!-- flush -->
        <test-method status="PASS" signature="closeDriver()[pri:0, instance:emicalculator.Test.TestClass@89ff02e]" name="closeDriver" is-config="true" duration-ms="895" started-at="2020-08-12T20:29:32 IST" finished-at="2020-08-12T20:29:32 IST">
          <reporter-output>
          </reporter-output>
        </test-method> <!-- closeDriver -->
      </class> <!-- emicalculator.Test.TestClass -->
    </test> <!-- Test -->
  </suite> <!-- Emi Calculator Test Automation Test Suite -->
  <suite name="Emi Calculator Test Automation Negative Test Suite" duration-ms="25211" started-at="2020-08-12T20:29:32 IST" finished-at="2020-08-12T20:29:58 IST">
    <groups>
    </groups>
    <test name="Test" duration-ms="25211" started-at="2020-08-12T20:29:32 IST" finished-at="2020-08-12T20:29:58 IST">
      <class name="emicalculator.Test.NegativeTestClass">
        <test-method status="PASS" signature="setup_NegativeTest()[pri:0, instance:emicalculator.Test.NegativeTestClass@5f59185e]" name="setup_NegativeTest" is-config="true" duration-ms="6362" started-at="2020-08-12T20:29:32 IST" finished-at="2020-08-12T20:29:39 IST">
          <reporter-output>
          </reporter-output>
        </test-method> <!-- setup_NegativeTest -->
        <test-method status="PASS" signature="getTitle_NegativeTest()[pri:0, instance:emicalculator.Test.NegativeTestClass@5f59185e]" name="getTitle_NegativeTest" duration-ms="480" started-at="2020-08-12T20:29:39 IST" finished-at="2020-08-12T20:29:39 IST">
          <reporter-output>
          </reporter-output>
        </test-method> <!-- getTitle_NegativeTest -->
        <test-method status="PASS" signature="flush(org.testng.ITestResult)[pri:0, instance:emicalculator.Test.NegativeTestClass@5f59185e]" name="flush" is-config="true" duration-ms="36" started-at="2020-08-12T20:29:39 IST" finished-at="2020-08-12T20:29:39 IST">
          <params>
            <param index="0">
              <value>
                <![CDATA[[TestResult name=getTitle_NegativeTest status=SUCCESS method=NegativeTestClass.getTitle_NegativeTest()[pri:0, instance:emicalculator.Test.NegativeTestClass@5f59185e] output={null}]]]>
              </value>
            </param>
          </params>
          <reporter-output>
          </reporter-output>
        </test-method> <!-- flush -->
        <test-method status="PASS" signature="verifybutton_NegativeTest()[pri:1, instance:emicalculator.Test.NegativeTestClass@5f59185e]" name="verifybutton_NegativeTest" duration-ms="83" started-at="2020-08-12T20:29:39 IST" finished-at="2020-08-12T20:29:39 IST">
          <reporter-output>
          </reporter-output>
        </test-method> <!-- verifybutton_NegativeTest -->
        <test-method status="PASS" signature="flush(org.testng.ITestResult)[pri:0, instance:emicalculator.Test.NegativeTestClass@5f59185e]" name="flush" is-config="true" duration-ms="40" started-at="2020-08-12T20:29:39 IST" finished-at="2020-08-12T20:29:39 IST">
          <params>
            <param index="0">
              <value>
                <![CDATA[[TestResult name=verifybutton_NegativeTest status=SUCCESS method=NegativeTestClass.verifybutton_NegativeTest()[pri:1, instance:emicalculator.Test.NegativeTestClass@5f59185e] output={null}]]]>
              </value>
            </param>
          </params>
          <reporter-output>
          </reporter-output>
        </test-method> <!-- flush -->
        <test-method status="PASS" signature="selectLoanType_NegativeTest()[pri:2, instance:emicalculator.Test.NegativeTestClass@5f59185e]" name="selectLoanType_NegativeTest" duration-ms="3175" started-at="2020-08-12T20:29:39 IST" finished-at="2020-08-12T20:29:43 IST">
          <reporter-output>
          </reporter-output>
        </test-method> <!-- selectLoanType_NegativeTest -->
        <test-method status="PASS" signature="flush(org.testng.ITestResult)[pri:0, instance:emicalculator.Test.NegativeTestClass@5f59185e]" name="flush" is-config="true" duration-ms="34" started-at="2020-08-12T20:29:43 IST" finished-at="2020-08-12T20:29:43 IST">
          <params>
            <param index="0">
              <value>
                <![CDATA[[TestResult name=selectLoanType_NegativeTest status=SUCCESS method=NegativeTestClass.selectLoanType_NegativeTest()[pri:2, instance:emicalculator.Test.NegativeTestClass@5f59185e] output={null}]]]>
              </value>
            </param>
          </params>
          <reporter-output>
          </reporter-output>
        </test-method> <!-- flush -->
        <test-method status="PASS" signature="selectamount_NegativeTest()[pri:3, instance:emicalculator.Test.NegativeTestClass@5f59185e]" name="selectamount_NegativeTest" duration-ms="3293" started-at="2020-08-12T20:29:43 IST" finished-at="2020-08-12T20:29:46 IST">
          <reporter-output>
          </reporter-output>
        </test-method> <!-- selectamount_NegativeTest -->
        <test-method status="PASS" signature="flush(org.testng.ITestResult)[pri:0, instance:emicalculator.Test.NegativeTestClass@5f59185e]" name="flush" is-config="true" duration-ms="40" started-at="2020-08-12T20:29:46 IST" finished-at="2020-08-12T20:29:46 IST">
          <params>
            <param index="0">
              <value>
                <![CDATA[[TestResult name=selectamount_NegativeTest status=SUCCESS method=NegativeTestClass.selectamount_NegativeTest()[pri:3, instance:emicalculator.Test.NegativeTestClass@5f59185e] output={null}]]]>
              </value>
            </param>
          </params>
          <reporter-output>
          </reporter-output>
        </test-method> <!-- flush -->
        <test-method status="FAIL" signature="selectInterestRate_NegativeTest()[pri:4, instance:emicalculator.Test.NegativeTestClass@5f59185e]" name="selectInterestRate_NegativeTest" duration-ms="3913" started-at="2020-08-12T20:29:46 IST" finished-at="2020-08-12T20:29:50 IST">
          <exception class="java.lang.AssertionError">
            <message>
              <![CDATA[expected [0] but found [null]]]>
            </message>
            <full-stacktrace>
              <![CDATA[java.lang.AssertionError: expected [0] but found [null]
at org.testng.Assert.fail(Assert.java:97)
at org.testng.Assert.failNotEquals(Assert.java:969)
at org.testng.Assert.assertEqualsImpl(Assert.java:131)
at org.testng.Assert.assertEquals(Assert.java:118)
at org.testng.Assert.assertEquals(Assert.java:575)
at org.testng.Assert.assertEquals(Assert.java:585)
at emicalculator.Test.NegativeTestClass.selectInterestRate_NegativeTest(NegativeTestClass.java:112)
at sun.reflect.NativeMethodAccessorImpl.invoke0(Native Method)
at sun.reflect.NativeMethodAccessorImpl.invoke(NativeMethodAccessorImpl.java:62)
at sun.reflect.DelegatingMethodAccessorImpl.invoke(DelegatingMethodAccessorImpl.java:43)
at java.lang.reflect.Method.invoke(Method.java:498)
at org.testng.internal.MethodInvocationHelper.invokeMethod(MethodInvocationHelper.java:134)
at org.testng.internal.TestInvoker.invokeMethod(TestInvoker.java:597)
at org.testng.internal.TestInvoker.invokeTestMethod(TestInvoker.java:173)
at org.testng.internal.MethodRunner.runInSequence(MethodRunner.java:46)
at org.testng.internal.TestInvoker$MethodInvocationAgent.invoke(TestInvoker.java:816)
at org.testng.internal.TestInvoker.invokeTestMethods(TestInvoker.java:146)
at org.testng.internal.TestMethodWorker.invokeTestMethods(TestMethodWorker.java:146)
at org.testng.internal.TestMethodWorker.run(TestMethodWorker.java:128)
at java.util.ArrayList.forEach(ArrayList.java:1257)
at org.testng.TestRunner.privateRun(TestRunner.java:766)
at org.testng.TestRunner.run(TestRunner.java:587)
at org.testng.SuiteRunner.runTest(SuiteRunner.java:384)
at org.testng.SuiteRunner.runSequentially(SuiteRunner.java:378)
at org.testng.SuiteRunner.privateRun(SuiteRunner.java:337)
at org.testng.SuiteRunner.run(SuiteRunner.java:286)
at org.testng.SuiteRunnerWorker.runSuite(SuiteRunnerWorker.java:53)
at org.testng.SuiteRunnerWorker.run(SuiteRunnerWorker.java:96)
at org.testng.TestNG.runSuitesSequentially(TestNG.java:1187)
at org.testng.TestNG.runSuitesLocally(TestNG.java:1109)
at org.testng.TestNG.runSuites(TestNG.java:1039)
at org.testng.TestNG.run(TestNG.java:1007)
at org.apache.maven.surefire.testng.TestNGExecutor.run(TestNGExecutor.java:293)
at org.apache.maven.surefire.testng.TestNGXmlTestSuite.execute(TestNGXmlTestSuite.java:84)
at org.apache.maven.surefire.testng.TestNGProvider.invoke(TestNGProvider.java:91)
at org.apache.maven.surefire.booter.ForkedBooter.invokeProviderInSameClassLoader(ForkedBooter.java:200)
at org.apache.maven.surefire.booter.ForkedBooter.runSuitesInProcess(ForkedBooter.java:153)
at org.apache.maven.surefire.booter.ForkedBooter.main(ForkedBooter.java:103)
]]>
            </full-stacktrace>
          </exception> <!-- java.lang.AssertionError -->
          <reporter-output>
          </reporter-output>
        </test-method> <!-- selectInterestRate_NegativeTest -->
        <test-method status="PASS" signature="flush(org.testng.ITestResult)[pri:0, instance:emicalculator.Test.NegativeTestClass@5f59185e]" name="flush" is-config="true" duration-ms="3131" started-at="2020-08-12T20:29:50 IST" finished-at="2020-08-12T20:29:53 IST">
          <params>
            <param index="0">
              <value>
                <![CDATA[[TestResult name=selectInterestRate_NegativeTest status=FAILURE method=NegativeTestClass.selectInterestRate_NegativeTest()[pri:4, instance:emicalculator.Test.NegativeTestClass@5f59185e] output={null}]]]>
              </value>
            </param>
          </params>
          <reporter-output>
          </reporter-output>
        </test-method> <!-- flush -->
        <test-method status="PASS" signature="selectTenure_NegativeTest()[pri:5, instance:emicalculator.Test.NegativeTestClass@5f59185e]" name="selectTenure_NegativeTest" duration-ms="3336" started-at="2020-08-12T20:29:53 IST" finished-at="2020-08-12T20:29:56 IST">
          <reporter-output>
          </reporter-output>
        </test-method> <!-- selectTenure_NegativeTest -->
        <test-method status="PASS" signature="flush(org.testng.ITestResult)[pri:0, instance:emicalculator.Test.NegativeTestClass@5f59185e]" name="flush" is-config="true" duration-ms="48" started-at="2020-08-12T20:29:56 IST" finished-at="2020-08-12T20:29:56 IST">
          <params>
            <param index="0">
              <value>
                <![CDATA[[TestResult name=selectTenure_NegativeTest status=SUCCESS method=NegativeTestClass.selectTenure_NegativeTest()[pri:5, instance:emicalculator.Test.NegativeTestClass@5f59185e] output={null}]]]>
              </value>
            </param>
          </params>
          <reporter-output>
          </reporter-output>
        </test-method> <!-- flush -->
        <test-method status="PASS" signature="screenshot_NegativeTest()[pri:6, instance:emicalculator.Test.NegativeTestClass@5f59185e]" name="screenshot_NegativeTest" duration-ms="409" started-at="2020-08-12T20:29:56 IST" finished-at="2020-08-12T20:29:57 IST">
          <reporter-output>
          </reporter-output>
        </test-method> <!-- screenshot_NegativeTest -->
        <test-method status="PASS" signature="flush(org.testng.ITestResult)[pri:0, instance:emicalculator.Test.NegativeTestClass@5f59185e]" name="flush" is-config="true" duration-ms="35" started-at="2020-08-12T20:29:57 IST" finished-at="2020-08-12T20:29:57 IST">
          <params>
            <param index="0">
              <value>
                <![CDATA[[TestResult name=screenshot_NegativeTest status=SUCCESS method=NegativeTestClass.screenshot_NegativeTest()[pri:6, instance:emicalculator.Test.NegativeTestClass@5f59185e] output={null}]]]>
              </value>
            </param>
          </params>
          <reporter-output>
          </reporter-output>
        </test-method> <!-- flush -->
        <test-method status="PASS" signature="closeDriver_NegativeTest()[pri:0, instance:emicalculator.Test.NegativeTestClass@5f59185e]" name="closeDriver_NegativeTest" is-config="true" duration-ms="758" started-at="2020-08-12T20:29:57 IST" finished-at="2020-08-12T20:29:58 IST">
          <reporter-output>
          </reporter-output>
        </test-method> <!-- closeDriver_NegativeTest -->
      </class> <!-- emicalculator.Test.NegativeTestClass -->
    </test> <!-- Test -->
  </suite> <!-- Emi Calculator Test Automation Negative Test Suite -->
  <suite name="Emi Calculator Test Automation Suite for Smoke Testing" duration-ms="15032" started-at="2020-08-12T20:28:51 IST" finished-at="2020-08-12T20:29:06 IST">
    <groups>
      <group name="smoke">
        <method signature="SmokeTest.getTitle_smokeTesting()[pri:0, instance:emicalculator.Test.SmokeTest@4fad94a7]" name="getTitle_smokeTesting" class="emicalculator.Test.SmokeTest"/>
        <method signature="SmokeTest.verifyInterestRate_smokeTesting()[pri:3, instance:emicalculator.Test.SmokeTest@4fad94a7]" name="verifyInterestRate_smokeTesting" class="emicalculator.Test.SmokeTest"/>
        <method signature="SmokeTest.verifySelectamount_smokeTesting()[pri:2, instance:emicalculator.Test.SmokeTest@4fad94a7]" name="verifySelectamount_smokeTesting" class="emicalculator.Test.SmokeTest"/>
        <method signature="SmokeTest.verifyTenure_smokeTesting()[pri:4, instance:emicalculator.Test.SmokeTest@4fad94a7]" name="verifyTenure_smokeTesting" class="emicalculator.Test.SmokeTest"/>
        <method signature="SmokeTest.verifybutton_smokeTesting()[pri:1, instance:emicalculator.Test.SmokeTest@4fad94a7]" name="verifybutton_smokeTesting" class="emicalculator.Test.SmokeTest"/>
      </group> <!-- smoke -->
    </groups>
    <test name="Test" duration-ms="15032" started-at="2020-08-12T20:28:51 IST" finished-at="2020-08-12T20:29:06 IST">
      <class name="emicalculator.Test.SmokeTest">
        <test-method status="PASS" signature="setup_smokeTesting()[pri:0, instance:emicalculator.Test.SmokeTest@4fad94a7]" name="setup_smokeTesting" is-config="true" duration-ms="10978" started-at="2020-08-12T20:28:51 IST" finished-at="2020-08-12T20:29:02 IST">
          <reporter-output>
          </reporter-output>
        </test-method> <!-- setup_smokeTesting -->
        <test-method status="PASS" signature="getTitle_smokeTesting()[pri:0, instance:emicalculator.Test.SmokeTest@4fad94a7]" name="getTitle_smokeTesting" duration-ms="505" started-at="2020-08-12T20:29:02 IST" description="Verifying title of the webpage page" finished-at="2020-08-12T20:29:03 IST">
          <reporter-output>
          </reporter-output>
        </test-method> <!-- getTitle_smokeTesting -->
        <test-method status="PASS" signature="flush(org.testng.ITestResult)[pri:0, instance:emicalculator.Test.SmokeTest@4fad94a7]" name="flush" is-config="true" duration-ms="788" started-at="2020-08-12T20:29:03 IST" finished-at="2020-08-12T20:29:04 IST">
          <params>
            <param index="0">
              <value>
                <![CDATA[[TestResult name=getTitle_smokeTesting status=SUCCESS method=SmokeTest.getTitle_smokeTesting()[pri:0, instance:emicalculator.Test.SmokeTest@4fad94a7] output={null}]]]>
              </value>
            </param>
          </params>
          <reporter-output>
          </reporter-output>
        </test-method> <!-- flush -->
        <test-method status="PASS" signature="verifybutton_smokeTesting()[pri:1, instance:emicalculator.Test.SmokeTest@4fad94a7]" name="verifybutton_smokeTesting" duration-ms="634" started-at="2020-08-12T20:29:04 IST" description="Verify car loan button" finished-at="2020-08-12T20:29:04 IST">
          <reporter-output>
          </reporter-output>
        </test-method> <!-- verifybutton_smokeTesting -->
        <test-method status="PASS" signature="flush(org.testng.ITestResult)[pri:0, instance:emicalculator.Test.SmokeTest@4fad94a7]" name="flush" is-config="true" duration-ms="72" started-at="2020-08-12T20:29:04 IST" finished-at="2020-08-12T20:29:04 IST">
          <params>
            <param index="0">
              <value>
                <![CDATA[[TestResult name=verifybutton_smokeTesting status=SUCCESS method=SmokeTest.verifybutton_smokeTesting()[pri:1, instance:emicalculator.Test.SmokeTest@4fad94a7] output={null}]]]>
              </value>
            </param>
          </params>
          <reporter-output>
          </reporter-output>
        </test-method> <!-- flush -->
        <test-method status="PASS" signature="verifySelectamount_smokeTesting()[pri:2, instance:emicalculator.Test.SmokeTest@4fad94a7]" name="verifySelectamount_smokeTesting" duration-ms="197" started-at="2020-08-12T20:29:04 IST" description="Verify car loan amount tab" finished-at="2020-08-12T20:29:05 IST">
          <reporter-output>
          </reporter-output>
        </test-method> <!-- verifySelectamount_smokeTesting -->
        <test-method status="PASS" signature="flush(org.testng.ITestResult)[pri:0, instance:emicalculator.Test.SmokeTest@4fad94a7]" name="flush" is-config="true" duration-ms="70" started-at="2020-08-12T20:29:05 IST" finished-at="2020-08-12T20:29:05 IST">
          <params>
            <param index="0">
              <value>
                <![CDATA[[TestResult name=verifySelectamount_smokeTesting status=SUCCESS method=SmokeTest.verifySelectamount_smokeTesting()[pri:2, instance:emicalculator.Test.SmokeTest@4fad94a7] output={null}]]]>
              </value>
            </param>
          </params>
          <reporter-output>
          </reporter-output>
        </test-method> <!-- flush -->
        <test-method status="PASS" signature="verifyInterestRate_smokeTesting()[pri:3, instance:emicalculator.Test.SmokeTest@4fad94a7]" name="verifyInterestRate_smokeTesting" duration-ms="166" started-at="2020-08-12T20:29:05 IST" description="Verify the rate of interest tab" finished-at="2020-08-12T20:29:05 IST">
          <reporter-output>
          </reporter-output>
        </test-method> <!-- verifyInterestRate_smokeTesting -->
        <test-method status="PASS" signature="flush(org.testng.ITestResult)[pri:0, instance:emicalculator.Test.SmokeTest@4fad94a7]" name="flush" is-config="true" duration-ms="79" started-at="2020-08-12T20:29:05 IST" finished-at="2020-08-12T20:29:05 IST">
          <params>
            <param index="0">
              <value>
                <![CDATA[[TestResult name=verifyInterestRate_smokeTesting status=SUCCESS method=SmokeTest.verifyInterestRate_smokeTesting()[pri:3, instance:emicalculator.Test.SmokeTest@4fad94a7] output={null}]]]>
              </value>
            </param>
          </params>
          <reporter-output>
          </reporter-output>
        </test-method> <!-- flush -->
        <test-method status="PASS" signature="verifyTenure_smokeTesting()[pri:4, instance:emicalculator.Test.SmokeTest@4fad94a7]" name="verifyTenure_smokeTesting" duration-ms="142" started-at="2020-08-12T20:29:05 IST" description="Verify the time period tab" finished-at="2020-08-12T20:29:05 IST">
          <reporter-output>
          </reporter-output>
        </test-method> <!-- verifyTenure_smokeTesting -->
        <test-method status="PASS" signature="flush(org.testng.ITestResult)[pri:0, instance:emicalculator.Test.SmokeTest@4fad94a7]" name="flush" is-config="true" duration-ms="83" started-at="2020-08-12T20:29:05 IST" finished-at="2020-08-12T20:29:05 IST">
          <params>
            <param index="0">
              <value>
                <![CDATA[[TestResult name=verifyTenure_smokeTesting status=SUCCESS method=SmokeTest.verifyTenure_smokeTesting()[pri:4, instance:emicalculator.Test.SmokeTest@4fad94a7] output={null}]]]>
              </value>
            </param>
          </params>
          <reporter-output>
          </reporter-output>
        </test-method> <!-- flush -->
        <test-method status="PASS" signature="closeDriver_smokeTesting()[pri:0, instance:emicalculator.Test.SmokeTest@4fad94a7]" name="closeDriver_smokeTesting" is-config="true" duration-ms="947" started-at="2020-08-12T20:29:05 IST" finished-at="2020-08-12T20:29:06 IST">
          <reporter-output>
          </reporter-output>
        </test-method> <!-- closeDriver_smokeTesting -->
      </class> <!-- emicalculator.Test.SmokeTest -->
    </test> <!-- Test -->
  </suite> <!-- Emi Calculator Test Automation Suite for Smoke Testing -->
</testng-results>
