<?xml version="1.0" encoding="UTF-8"?>
<testng-results skipped="0" failed="0" ignored="0" total="8" passed="8">
  <reporter-output>
  </reporter-output>
  <suite name="Emi Calculator Test Automation Test Suite" duration-ms="24055" started-at="2020-07-23T20:40:25 IST" finished-at="2020-07-23T20:40:49 IST">
    <groups>
    </groups>
    <test name="Test" duration-ms="24055" started-at="2020-07-23T20:40:25 IST" finished-at="2020-07-23T20:40:49 IST">
      <class name="emicalculator.Test.TestClass">
        <test-method status="PASS" signature="getDriver()[pri:0, instance:emicalculator.Test.TestClass@741b3bc3]" name="getDriver" is-config="true" duration-ms="9413" started-at="2020-07-23T20:40:16 IST" finished-at="2020-07-23T20:40:25 IST">
          <reporter-output>
          </reporter-output>
        </test-method> <!-- getDriver -->
        <test-method status="PASS" signature="setup()[pri:0, instance:emicalculator.Test.TestClass@741b3bc3]" name="setup" is-config="true" duration-ms="2837" started-at="2020-07-23T20:40:25 IST" finished-at="2020-07-23T20:40:28 IST">
          <reporter-output>
          </reporter-output>
        </test-method> <!-- setup -->
        <test-method status="PASS" signature="objectRef()[pri:0, instance:emicalculator.Test.TestClass@741b3bc3]" name="objectRef" is-config="true" duration-ms="388" started-at="2020-07-23T20:40:28 IST" finished-at="2020-07-23T20:40:28 IST">
          <reporter-output>
          </reporter-output>
        </test-method> <!-- objectRef -->
        <test-method status="PASS" signature="getTitle()[pri:0, instance:emicalculator.Test.TestClass@741b3bc3]" name="getTitle" duration-ms="613" started-at="2020-07-23T20:40:28 IST" description="verifying title of the webpage page" finished-at="2020-07-23T20:40:29 IST">
          <reporter-output>
          </reporter-output>
        </test-method> <!-- getTitle -->
        <test-method status="PASS" signature="selectLoanType()[pri:1, instance:emicalculator.Test.TestClass@741b3bc3]" name="selectLoanType" duration-ms="3386" started-at="2020-07-23T20:40:29 IST" description="Select the type of loan" finished-at="2020-07-23T20:40:33 IST">
          <reporter-output>
          </reporter-output>
        </test-method> <!-- selectLoanType -->
        <test-method status="PASS" signature="selectamount()[pri:2, instance:emicalculator.Test.TestClass@741b3bc3]" name="selectamount" duration-ms="5478" started-at="2020-07-23T20:40:33 IST" description="Enter the car loan amount" finished-at="2020-07-23T20:40:38 IST">
          <reporter-output>
          </reporter-output>
        </test-method> <!-- selectamount -->
        <test-method status="PASS" signature="selectInterestRate()[pri:3, instance:emicalculator.Test.TestClass@741b3bc3]" name="selectInterestRate" duration-ms="3422" started-at="2020-07-23T20:40:38 IST" description="Enter the rate of interest" finished-at="2020-07-23T20:40:42 IST">
          <reporter-output>
          </reporter-output>
        </test-method> <!-- selectInterestRate -->
        <test-method status="PASS" signature="selectTenure()[pri:4, instance:emicalculator.Test.TestClass@741b3bc3]" name="selectTenure" duration-ms="3432" started-at="2020-07-23T20:40:42 IST" description="Enter the time period" finished-at="2020-07-23T20:40:45 IST">
          <reporter-output>
          </reporter-output>
        </test-method> <!-- selectTenure -->
        <test-method status="PASS" signature="expand()[pri:5, instance:emicalculator.Test.TestClass@741b3bc3]" name="expand" duration-ms="3149" started-at="2020-07-23T20:40:45 IST" description="Click on the expand button" finished-at="2020-07-23T20:40:48 IST">
          <reporter-output>
          </reporter-output>
        </test-method> <!-- expand -->
        <test-method status="PASS" signature="screenshot()[pri:6, instance:emicalculator.Test.TestClass@741b3bc3]" name="screenshot" duration-ms="474" started-at="2020-07-23T20:40:48 IST" description="To take the screenshot" finished-at="2020-07-23T20:40:49 IST">
          <reporter-output>
          </reporter-output>
        </test-method> <!-- screenshot -->
        <test-method status="PASS" signature="writeDataInExcel()[pri:7, instance:emicalculator.Test.TestClass@741b3bc3]" name="writeDataInExcel" duration-ms="460" started-at="2020-07-23T20:40:49 IST" description="To write the final values in excel sheet" finished-at="2020-07-23T20:40:49 IST">
          <reporter-output>
          </reporter-output>
        </test-method> <!-- writeDataInExcel -->
        <test-method status="PASS" signature="closeDriver()[pri:0, instance:emicalculator.Test.TestClass@741b3bc3]" name="closeDriver" is-config="true" duration-ms="259" started-at="2020-07-23T20:40:49 IST" finished-at="2020-07-23T20:40:49 IST">
          <reporter-output>
          </reporter-output>
        </test-method> <!-- closeDriver -->
      </class> <!-- emicalculator.Test.TestClass -->
    </test> <!-- Test -->
  </suite> <!-- Emi Calculator Test Automation Test Suite -->
</testng-results>
