<?xml version="1.0" encoding="UTF-8"?>
<testng-results skipped="0" failed="0" ignored="0" total="8" passed="8">
  <reporter-output>
  </reporter-output>
  <suite name="Default suite" duration-ms="20605" started-at="2020-07-15T23:35:25 IST" finished-at="2020-07-15T23:35:46 IST">
    <groups>
    </groups>
    <test name="Default test" duration-ms="20605" started-at="2020-07-15T23:35:25 IST" finished-at="2020-07-15T23:35:46 IST">
      <class name="emicalculator.Test.TestClass">
        <test-method status="PASS" signature="getDriver()[pri:0, instance:emicalculator.Test.TestClass@782663d3]" name="getDriver" is-config="true" duration-ms="22735" started-at="2020-07-15T23:35:02 IST" finished-at="2020-07-15T23:35:25 IST">
          <reporter-output>
          </reporter-output>
        </test-method> <!-- getDriver -->
        <test-method status="PASS" signature="setup()[pri:0, instance:emicalculator.Test.TestClass@782663d3]" name="setup" is-config="true" duration-ms="32" started-at="2020-07-15T23:35:25 IST" finished-at="2020-07-15T23:35:25 IST">
          <reporter-output>
          </reporter-output>
        </test-method> <!-- setup -->
        <test-method status="PASS" signature="objectRef()[pri:0, instance:emicalculator.Test.TestClass@782663d3]" name="objectRef" is-config="true" duration-ms="55" started-at="2020-07-15T23:35:25 IST" finished-at="2020-07-15T23:35:25 IST">
          <reporter-output>
          </reporter-output>
        </test-method> <!-- objectRef -->
        <test-method status="PASS" signature="getTitle()[pri:0, instance:emicalculator.Test.TestClass@782663d3]" name="getTitle" duration-ms="26" started-at="2020-07-15T23:35:25 IST" finished-at="2020-07-15T23:35:25 IST">
          <reporter-output>
          </reporter-output>
        </test-method> <!-- getTitle -->
        <test-method status="PASS" signature="selectLoanType()[pri:1, instance:emicalculator.Test.TestClass@782663d3]" name="selectLoanType" duration-ms="3405" started-at="2020-07-15T23:35:25 IST" finished-at="2020-07-15T23:35:29 IST">
          <reporter-output>
          </reporter-output>
        </test-method> <!-- selectLoanType -->
        <test-method status="PASS" signature="selectamount()[pri:2, instance:emicalculator.Test.TestClass@782663d3]" name="selectamount" duration-ms="4808" started-at="2020-07-15T23:35:29 IST" finished-at="2020-07-15T23:35:34 IST">
          <reporter-output>
          </reporter-output>
        </test-method> <!-- selectamount -->
        <test-method status="PASS" signature="selectInterestRate()[pri:3, instance:emicalculator.Test.TestClass@782663d3]" name="selectInterestRate" duration-ms="4299" started-at="2020-07-15T23:35:34 IST" finished-at="2020-07-15T23:35:38 IST">
          <reporter-output>
          </reporter-output>
        </test-method> <!-- selectInterestRate -->
        <test-method status="PASS" signature="selectTenure()[pri:4, instance:emicalculator.Test.TestClass@782663d3]" name="selectTenure" duration-ms="4319" started-at="2020-07-15T23:35:38 IST" finished-at="2020-07-15T23:35:42 IST">
          <reporter-output>
          </reporter-output>
        </test-method> <!-- selectTenure -->
        <test-method status="PASS" signature="expand()[pri:5, instance:emicalculator.Test.TestClass@782663d3]" name="expand" duration-ms="3091" started-at="2020-07-15T23:35:42 IST" finished-at="2020-07-15T23:35:45 IST">
          <reporter-output>
          </reporter-output>
        </test-method> <!-- expand -->
        <test-method status="PASS" signature="screenshot()[pri:6, instance:emicalculator.Test.TestClass@782663d3]" name="screenshot" duration-ms="143" started-at="2020-07-15T23:35:45 IST" finished-at="2020-07-15T23:35:45 IST">
          <reporter-output>
          </reporter-output>
        </test-method> <!-- screenshot -->
        <test-method status="PASS" signature="writeDataInExcel()[pri:7, instance:emicalculator.Test.TestClass@782663d3]" name="writeDataInExcel" duration-ms="329" started-at="2020-07-15T23:35:45 IST" finished-at="2020-07-15T23:35:46 IST">
          <reporter-output>
          </reporter-output>
        </test-method> <!-- writeDataInExcel -->
        <test-method status="PASS" signature="closeDriver()[pri:0, instance:emicalculator.Test.TestClass@782663d3]" name="closeDriver" is-config="true" duration-ms="5501" started-at="2020-07-15T23:35:46 IST" finished-at="2020-07-15T23:35:51 IST">
          <reporter-output>
          </reporter-output>
        </test-method> <!-- closeDriver -->
      </class> <!-- emicalculator.Test.TestClass -->
    </test> <!-- Default test -->
  </suite> <!-- Default suite -->
</testng-results>
