<?xml version="1.0" encoding="UTF-8"?>
<!-- Generated by org.testng.reporters.JUnitXMLReporter -->
<testsuite hostname="user-PC" ignored="0" name="Test" tests="6" failures="0" timestamp="2020-08-29T13:02:18 IST" time="35.904" errors="0">
  <testcase name="getTitle_smokeTesting" time="0.575" classname="emicalculator.Test.SmokeTest"/>
  <testcase name="verifybutton_smokeTesting" time="0.419" classname="emicalculator.Test.SmokeTest"/>
  <testcase name="selectLoanType" time="3.203" classname="emicalculator.Test.SmokeTest"/>
  <testcase name="verifySelectamount_smokeTesting" time="0.06" classname="emicalculator.Test.SmokeTest"/>
  <testcase name="verifyInterestRate_smokeTesting" time="0.063" classname="emicalculator.Test.SmokeTest"/>
  <testcase name="verifyTenure_smokeTesting" time="0.052" classname="emicalculator.Test.SmokeTest"/>
</testsuite> <!-- Test -->
