<?xml version="1.0" encoding="UTF-8"?>
<!-- Generated by org.testng.reporters.JUnitXMLReporter -->
<testsuite hostname="user-PC" ignored="0" name="Test" tests="5" failures="0" timestamp="2020-08-12T20:29:06 IST" time="15.032" errors="0">
  <testcase name="getTitle_smokeTesting" time="0.505" classname="emicalculator.Test.SmokeTest"/>
  <testcase name="verifybutton_smokeTesting" time="0.634" classname="emicalculator.Test.SmokeTest"/>
  <testcase name="verifySelectamount_smokeTesting" time="0.197" classname="emicalculator.Test.SmokeTest"/>
  <testcase name="verifyInterestRate_smokeTesting" time="0.166" classname="emicalculator.Test.SmokeTest"/>
  <testcase name="verifyTenure_smokeTesting" time="0.142" classname="emicalculator.Test.SmokeTest"/>
</testsuite> <!-- Test -->
