<?xml version="1.0" encoding="UTF-8"?>
<!-- Generated by org.testng.reporters.JUnitXMLReporter -->
<testsuite hostname="user-PC" ignored="0" name="Test" tests="8" failures="0" timestamp="2020-07-19T13:37:51 IST" time="23.101" errors="0">
  <testcase name="getTitle" time="0.103" classname="emicalculator.Test.TestClass"/>
  <testcase name="selectLoanType" time="3.778" classname="emicalculator.Test.TestClass"/>
  <testcase name="selectamount" time="5.502" classname="emicalculator.Test.TestClass"/>
  <testcase name="selectInterestRate" time="3.385" classname="emicalculator.Test.TestClass"/>
  <testcase name="selectTenure" time="3.479" classname="emicalculator.Test.TestClass"/>
  <testcase name="expand" time="3.13" classname="emicalculator.Test.TestClass"/>
  <testcase name="screenshot" time="0.404" classname="emicalculator.Test.TestClass"/>
  <testcase name="writeDataInExcel" time="0.604" classname="emicalculator.Test.TestClass"/>
</testsuite> <!-- Test -->
