<?xml version="1.0" encoding="UTF-8"?>
<!-- Generated by org.testng.reporters.JUnitXMLReporter -->
<testsuite hostname="user-PC" ignored="0" name="Test" tests="8" failures="0" timestamp="2020-07-17T22:31:56 IST" time="27.713" errors="0">
  <testcase name="getTitle" time="0.079" classname="emicalculator.Test.TestClass"/>
  <testcase name="selectLoanType" time="3.332" classname="emicalculator.Test.TestClass"/>
  <testcase name="selectamount" time="6.367" classname="emicalculator.Test.TestClass"/>
  <testcase name="selectInterestRate" time="4.421" classname="emicalculator.Test.TestClass"/>
  <testcase name="selectTenure" time="4.337" classname="emicalculator.Test.TestClass"/>
  <testcase name="expand" time="3.43" classname="emicalculator.Test.TestClass"/>
  <testcase name="screenshot" time="0.501" classname="emicalculator.Test.TestClass"/>
  <testcase name="writeDataInExcel" time="0.714" classname="emicalculator.Test.TestClass"/>
</testsuite> <!-- Test -->
